# JRE version: OpenJDK Runtime Environment Temurin-17.0.6+10 (17.0.6+10) (build 17.0.6+10)
# Java VM: OpenJDK 64-Bit Server VM Temurin-17.0.6+10 (17.0.6+10, mixed mode, tiered, compressed oops, compressed class ptrs, parallel gc, windows-amd64)
GC Precious Log:
 CPUs: 8 total, 8 available
 Memory: 8048M
 Large Page Support: Disabled
 NUMA Support: Disabled
 Compressed Oops: Enabled (32-bit)
 Alignments: Space 512K, Generation 512K, Heap 2M
 Heap Min Capacity: 100M
 Heap Initial Capacity: 100M
 Heap Max Capacity: 1G
 Pre-touch: Disabled
 Parallel Workers: 8
Heap:
 PSYoungGen      total 68608K, used 38743K [0x00000000eab00000, 0x00000000f0d00000, 0x0000000100000000)
  eden space 38912K, 99% used [0x00000000eab00000,0x00000000ed0d5e80,0x00000000ed100000)
  from space 29696K, 0% used [0x00000000ed180000,0x00000000ed180000,0x00000000eee80000)
  to   space 27648K, 0% used [0x00000000ef080000,0x00000000ef080000,0x00000000f0b80000)
 ParOldGen       total 340992K, used 340912K [0x00000000c0000000, 0x00000000d4d00000, 0x00000000eab00000)
  object space 340992K, 99% used [0x00000000c0000000,0x00000000d4cec058,0x00000000d4d00000)
 Metaspace       used 67081K, committed 68096K, reserved 1114112K
  class space    used 7109K, committed 7552K, reserved 1048576K
GC Heap History (20 events):
Event: 27.842 GC heap before
{Heap before GC invocations=123 (full 9):
 PSYoungGen      total 41984K, used 41955K [0x00000000eab00000, 0x00000000ef180000, 0x0000000100000000)
  eden space 27136K, 100% used [0x00000000eab00000,0x00000000ec580000,0x00000000ec580000)
  from space 14848K, 99% used [0x00000000ec580000,0x00000000ed3f8d60,0x00000000ed400000)
  to   space 21504K, 0% used [0x00000000edc80000,0x00000000edc80000,0x00000000ef180000)
 ParOldGen       total 340992K, used 268604K [0x00000000c0000000, 0x00000000d4d00000, 0x00000000eab00000)
  object space 340992K, 78% used [0x00000000c0000000,0x00000000d064f158,0x00000000d4d00000)
 Metaspace       used 65792K, committed 66752K, reserved 1114112K
  class space    used 7007K, committed 7424K, reserved 1048576K
}
Event: 27.852 GC heap after
{Heap after GC invocations=123 (full 9):
 PSYoungGen      total 43008K, used 13521K [0x00000000eab00000, 0x00000000eea00000, 0x0000000100000000)
  eden space 29184K, 0% used [0x00000000eab00000,0x00000000eab00000,0x00000000ec780000)
  from space 13824K, 97% used [0x00000000edc80000,0x00000000ee9b46c8,0x00000000eea00000)
  to   space 16384K, 0% used [0x00000000eca00000,0x00000000eca00000,0x00000000eda00000)
 ParOldGen       total 340992K, used 275443K [0x00000000c0000000, 0x00000000d4d00000, 0x00000000eab00000)
  object space 340992K, 80% used [0x00000000c0000000,0x00000000d0cfccf0,0x00000000d4d00000)
 Metaspace       used 65792K, committed 66752K, reserved 1114112K
  class space    used 7007K, committed 7424K, reserved 1048576K
}
Event: 28.054 GC heap before
{Heap before GC invocations=124 (full 9):
 PSYoungGen      total 43008K, used 42705K [0x00000000eab00000, 0x00000000eea00000, 0x0000000100000000)
  eden space 29184K, 100% used [0x00000000eab00000,0x00000000ec780000,0x00000000ec780000)
  from space 13824K, 97% used [0x00000000edc80000,0x00000000ee9b46c8,0x00000000eea00000)
  to   space 16384K, 0% used [0x00000000eca00000,0x00000000eca00000,0x00000000eda00000)
 ParOldGen       total 340992K, used 275443K [0x00000000c0000000, 0x00000000d4d00000, 0x00000000eab00000)
  object space 340992K, 80% used [0x00000000c0000000,0x00000000d0cfccf0,0x00000000d4d00000)
 Metaspace       used 65868K, committed 66816K, reserved 1114112K
  class space    used 7012K, committed 7424K, reserved 1048576K
}
Event: 28.063 GC heap after
{Heap after GC invocations=124 (full 9):
 PSYoungGen      total 47616K, used 16375K [0x00000000eab00000, 0x00000000ef280000, 0x0000000100000000)
  eden space 31232K, 0% used [0x00000000eab00000,0x00000000eab00000,0x00000000ec980000)
  from space 16384K, 99% used [0x00000000eca00000,0x00000000ed9fdec8,0x00000000eda00000)
  to   space 20992K, 0% used [0x00000000ede00000,0x00000000ede00000,0x00000000ef280000)
 ParOldGen       total 340992K, used 278674K [0x00000000c0000000, 0x00000000d4d00000, 0x00000000eab00000)
  object space 340992K, 81% used [0x00000000c0000000,0x00000000d1024838,0x00000000d4d00000)
 Metaspace       used 65868K, committed 66816K, reserved 1114112K
  class space    used 7012K, committed 7424K, reserved 1048576K
}
Event: 28.298 GC heap before
{Heap before GC invocations=125 (full 9):
 PSYoungGen      total 47616K, used 47607K [0x00000000eab00000, 0x00000000ef280000, 0x0000000100000000)
  eden space 31232K, 100% used [0x00000000eab00000,0x00000000ec980000,0x00000000ec980000)
  from space 16384K, 99% used [0x00000000eca00000,0x00000000ed9fdec8,0x00000000eda00000)
  to   space 20992K, 0% used [0x00000000ede00000,0x00000000ede00000,0x00000000ef280000)
 ParOldGen       total 340992K, used 278674K [0x00000000c0000000, 0x00000000d4d00000, 0x00000000eab00000)
  object space 340992K, 81% used [0x00000000c0000000,0x00000000d1024838,0x00000000d4d00000)
 Metaspace       used 65951K, committed 66944K, reserved 1114112K
  class space    used 7021K, committed 7424K, reserved 1048576K
}
Event: 28.312 GC heap after
{Heap after GC invocations=125 (full 9):
 PSYoungGen      total 48128K, used 14753K [0x00000000eab00000, 0x00000000eec80000, 0x0000000100000000)
  eden space 33280K, 0% used [0x00000000eab00000,0x00000000eab00000,0x00000000ecb80000)
  from space 14848K, 99% used [0x00000000ede00000,0x00000000eec685f0,0x00000000eec80000)
  to   space 16896K, 0% used [0x00000000ecb80000,0x00000000ecb80000,0x00000000edc00000)
 ParOldGen       total 340992K, used 286628K [0x00000000c0000000, 0x00000000d4d00000, 0x00000000eab00000)
  object space 340992K, 84% used [0x00000000c0000000,0x00000000d17e93d8,0x00000000d4d00000)
 Metaspace       used 65951K, committed 66944K, reserved 1114112K
  class space    used 7021K, committed 7424K, reserved 1048576K
}
Event: 28.557 GC heap before
{Heap before GC invocations=126 (full 9):
 PSYoungGen      total 48128K, used 48033K [0x00000000eab00000, 0x00000000eec80000, 0x0000000100000000)
  eden space 33280K, 100% used [0x00000000eab00000,0x00000000ecb80000,0x00000000ecb80000)
  from space 14848K, 99% used [0x00000000ede00000,0x00000000eec685f0,0x00000000eec80000)
  to   space 16896K, 0% used [0x00000000ecb80000,0x00000000ecb80000,0x00000000edc00000)
 ParOldGen       total 340992K, used 286628K [0x00000000c0000000, 0x00000000d4d00000, 0x00000000eab00000)
  object space 340992K, 84% used [0x00000000c0000000,0x00000000d17e93d8,0x00000000d4d00000)
 Metaspace       used 66631K, committed 67584K, reserved 1114112K
  class space    used 7085K, committed 7488K, reserved 1048576K
}
Event: 28.567 GC heap after
{Heap after GC invocations=126 (full 9):
 PSYoungGen      total 50176K, used 16865K [0x00000000eab00000, 0x00000000ef780000, 0x0000000100000000)
  eden space 33280K, 0% used [0x00000000eab00000,0x00000000eab00000,0x00000000ecb80000)
  from space 16896K, 99% used [0x00000000ecb80000,0x00000000edbf8510,0x00000000edc00000)
  to   space 22528K, 0% used [0x00000000ee180000,0x00000000ee180000,0x00000000ef780000)
 ParOldGen       total 340992K, used 290783K [0x00000000c0000000, 0x00000000d4d00000, 0x00000000eab00000)
  object space 340992K, 85% used [0x00000000c0000000,0x00000000d1bf7d90,0x00000000d4d00000)
 Metaspace       used 66631K, committed 67584K, reserved 1114112K
  class space    used 7085K, committed 7488K, reserved 1048576K
}
Event: 28.844 GC heap before
{Heap before GC invocations=127 (full 9):
 PSYoungGen      total 50176K, used 50145K [0x00000000eab00000, 0x00000000ef780000, 0x0000000100000000)
  eden space 33280K, 100% used [0x00000000eab00000,0x00000000ecb80000,0x00000000ecb80000)
  from space 16896K, 99% used [0x00000000ecb80000,0x00000000edbf8510,0x00000000edc00000)
  to   space 22528K, 0% used [0x00000000ee180000,0x00000000ee180000,0x00000000ef780000)
 ParOldGen       total 340992K, used 290783K [0x00000000c0000000, 0x00000000d4d00000, 0x00000000eab00000)
  object space 340992K, 85% used [0x00000000c0000000,0x00000000d1bf7d90,0x00000000d4d00000)
 Metaspace       used 66690K, committed 67648K, reserved 1114112K
  class space    used 7088K, committed 7488K, reserved 1048576K
}
Event: 28.858 GC heap after
{Heap after GC invocations=127 (full 9):
 PSYoungGen      total 51712K, used 18080K [0x00000000eab00000, 0x00000000ef380000, 0x0000000100000000)
  eden space 33280K, 0% used [0x00000000eab00000,0x00000000eab00000,0x00000000ecb80000)
  from space 18432K, 98% used [0x00000000ee180000,0x00000000ef3281b0,0x00000000ef380000)
  to   space 19456K, 0% used [0x00000000ecd80000,0x00000000ecd80000,0x00000000ee080000)
 ParOldGen       total 340992K, used 296753K [0x00000000c0000000, 0x00000000d4d00000, 0x00000000eab00000)
  object space 340992K, 87% used [0x00000000c0000000,0x00000000d21cc698,0x00000000d4d00000)
 Metaspace       used 66690K, committed 67648K, reserved 1114112K
  class space    used 7088K, committed 7488K, reserved 1048576K
}
Event: 29.292 GC heap before
{Heap before GC invocations=128 (full 9):
 PSYoungGen      total 51712K, used 51360K [0x00000000eab00000, 0x00000000ef380000, 0x0000000100000000)
  eden space 33280K, 100% used [0x00000000eab00000,0x00000000ecb80000,0x00000000ecb80000)
  from space 18432K, 98% used [0x00000000ee180000,0x00000000ef3281b0,0x00000000ef380000)
  to   space 19456K, 0% used [0x00000000ecd80000,0x00000000ecd80000,0x00000000ee080000)
 ParOldGen       total 340992K, used 296753K [0x00000000c0000000, 0x00000000d4d00000, 0x00000000eab00000)
  object space 340992K, 87% used [0x00000000c0000000,0x00000000d21cc698,0x00000000d4d00000)
 Metaspace       used 66790K, committed 67776K, reserved 1114112K
  class space    used 7102K, committed 7552K, reserved 1048576K
}
Event: 29.304 GC heap after
{Heap after GC invocations=128 (full 9):
 PSYoungGen      total 52736K, used 19443K [0x00000000eab00000, 0x00000000f0180000, 0x0000000100000000)
  eden space 33280K, 0% used [0x00000000eab00000,0x00000000eab00000,0x00000000ecb80000)
  from space 19456K, 99% used [0x00000000ecd80000,0x00000000ee07ccc0,0x00000000ee080000)
  to   space 27648K, 0% used [0x00000000ee680000,0x00000000ee680000,0x00000000f0180000)
 ParOldGen       total 340992K, used 303266K [0x00000000c0000000, 0x00000000d4d00000, 0x00000000eab00000)
  object space 340992K, 88% used [0x00000000c0000000,0x00000000d2828948,0x00000000d4d00000)
 Metaspace       used 66790K, committed 67776K, reserved 1114112K
  class space    used 7102K, committed 7552K, reserved 1048576K
}
Event: 29.460 GC heap before
{Heap before GC invocations=129 (full 9):
 PSYoungGen      total 52736K, used 52670K [0x00000000eab00000, 0x00000000f0180000, 0x0000000100000000)
  eden space 33280K, 99% used [0x00000000eab00000,0x00000000ecb72b60,0x00000000ecb80000)
  from space 19456K, 99% used [0x00000000ecd80000,0x00000000ee07ccc0,0x00000000ee080000)
  to   space 27648K, 0% used [0x00000000ee680000,0x00000000ee680000,0x00000000f0180000)
 ParOldGen       total 340992K, used 303266K [0x00000000c0000000, 0x00000000d4d00000, 0x00000000eab00000)
  object space 340992K, 88% used [0x00000000c0000000,0x00000000d2828948,0x00000000d4d00000)
 Metaspace       used 66800K, committed 67776K, reserved 1114112K
  class space    used 7102K, committed 7552K, reserved 1048576K
}
Event: 29.477 GC heap after
{Heap after GC invocations=129 (full 9):
 PSYoungGen      total 55296K, used 21778K [0x00000000eab00000, 0x00000000efc00000, 0x0000000100000000)
  eden space 33280K, 0% used [0x00000000eab00000,0x00000000eab00000,0x00000000ecb80000)
  from space 22016K, 98% used [0x00000000ee680000,0x00000000efbc4890,0x00000000efc00000)
  to   space 23552K, 0% used [0x00000000ece00000,0x00000000ece00000,0x00000000ee500000)
 ParOldGen       total 340992K, used 312912K [0x00000000c0000000, 0x00000000d4d00000, 0x00000000eab00000)
  object space 340992K, 91% used [0x00000000c0000000,0x00000000d31941d8,0x00000000d4d00000)
 Metaspace       used 66800K, committed 67776K, reserved 1114112K
  class space    used 7102K, committed 7552K, reserved 1048576K
}
Event: 29.630 GC heap before
{Heap before GC invocations=130 (full 9):
 PSYoungGen      total 55296K, used 55058K [0x00000000eab00000, 0x00000000efc00000, 0x0000000100000000)
  eden space 33280K, 100% used [0x00000000eab00000,0x00000000ecb80000,0x00000000ecb80000)
  from space 22016K, 98% used [0x00000000ee680000,0x00000000efbc4890,0x00000000efc00000)
  to   space 23552K, 0% used [0x00000000ece00000,0x00000000ece00000,0x00000000ee500000)
 ParOldGen       total 340992K, used 312912K [0x00000000c0000000, 0x00000000d4d00000, 0x00000000eab00000)
  object space 340992K, 91% used [0x00000000c0000000,0x00000000d31941d8,0x00000000d4d00000)
 Metaspace       used 66800K, committed 67776K, reserved 1114112K
  class space    used 7102K, committed 7552K, reserved 1048576K
}
Event: 29.673 GC heap after
{Heap after GC invocations=130 (full 9):
 PSYoungGen      total 59392K, used 23544K [0x00000000eab00000, 0x00000000f1280000, 0x0000000100000000)
  eden space 35840K, 0% used [0x00000000eab00000,0x00000000eab00000,0x00000000ece00000)
  from space 23552K, 99% used [0x00000000ece00000,0x00000000ee4fe100,0x00000000ee500000)
  to   space 34816K, 0% used [0x00000000ef080000,0x00000000ef080000,0x00000000f1280000)
 ParOldGen       total 340992K, used 322021K [0x00000000c0000000, 0x00000000d4d00000, 0x00000000eab00000)
  object space 340992K, 94% used [0x00000000c0000000,0x00000000d3a796c0,0x00000000d4d00000)
 Metaspace       used 66800K, committed 67776K, reserved 1114112K
  class space    used 7102K, committed 7552K, reserved 1048576K
}
Event: 31.298 GC heap before
{Heap before GC invocations=131 (full 9):
 PSYoungGen      total 59392K, used 59384K [0x00000000eab00000, 0x00000000f1280000, 0x0000000100000000)
  eden space 35840K, 100% used [0x00000000eab00000,0x00000000ece00000,0x00000000ece00000)
  from space 23552K, 99% used [0x00000000ece00000,0x00000000ee4fe100,0x00000000ee500000)
  to   space 34816K, 0% used [0x00000000ef080000,0x00000000ef080000,0x00000000f1280000)
 ParOldGen       total 340992K, used 322021K [0x00000000c0000000, 0x00000000d4d00000, 0x00000000eab00000)
  object space 340992K, 94% used [0x00000000c0000000,0x00000000d3a796c0,0x00000000d4d00000)
 Metaspace       used 67026K, committed 67968K, reserved 1114112K
  class space    used 7109K, committed 7552K, reserved 1048576K
}
Event: 31.358 GC heap after
{Heap after GC invocations=131 (full 9):
 PSYoungGen      total 66560K, used 27472K [0x00000000eab00000, 0x00000000f0b80000, 0x0000000100000000)
  eden space 38912K, 0% used [0x00000000eab00000,0x00000000eab00000,0x00000000ed100000)
  from space 27648K, 99% used [0x00000000ef080000,0x00000000f0b54170,0x00000000f0b80000)
  to   space 29696K, 0% used [0x00000000ed180000,0x00000000ed180000,0x00000000eee80000)
 ParOldGen       total 340992K, used 331682K [0x00000000c0000000, 0x00000000d4d00000, 0x00000000eab00000)
  object space 340992K, 97% used [0x00000000c0000000,0x00000000d43e8858,0x00000000d4d00000)
 Metaspace       used 67026K, committed 67968K, reserved 1114112K
  class space    used 7109K, committed 7552K, reserved 1048576K
}
Event: 31.358 GC heap before
{Heap before GC invocations=132 (full 10):
 PSYoungGen      total 66560K, used 27472K [0x00000000eab00000, 0x00000000f0b80000, 0x0000000100000000)
  eden space 38912K, 0% used [0x00000000eab00000,0x00000000eab00000,0x00000000ed100000)
  from space 27648K, 99% used [0x00000000ef080000,0x00000000f0b54170,0x00000000f0b80000)
  to   space 29696K, 0% used [0x00000000ed180000,0x00000000ed180000,0x00000000eee80000)
 ParOldGen       total 340992K, used 331682K [0x00000000c0000000, 0x00000000d4d00000, 0x00000000eab00000)
  object space 340992K, 97% used [0x00000000c0000000,0x00000000d43e8858,0x00000000d4d00000)
 Metaspace       used 67026K, committed 67968K, reserved 1114112K
  class space    used 7109K, committed 7552K, reserved 1048576K
}
Event: 32.292 GC heap after
{Heap after GC invocations=132 (full 10):
 PSYoungGen      total 66560K, used 13467K [0x00000000eab00000, 0x00000000f0b80000, 0x0000000100000000)
  eden space 38912K, 0% used [0x00000000eab00000,0x00000000eab00000,0x00000000ed100000)
  from space 27648K, 48% used [0x00000000ef080000,0x00000000efda6de8,0x00000000f0b80000)
  to   space 29696K, 0% used [0x00000000ed180000,0x00000000ed180000,0x00000000eee80000)
 ParOldGen       total 340992K, used 340831K [0x00000000c0000000, 0x00000000d4d00000, 0x00000000eab00000)
  object space 340992K, 99% used [0x00000000c0000000,0x00000000d4cd7f18,0x00000000d4d00000)
 Metaspace       used 67026K, committed 67968K, reserved 1114112K
  class space    used 7109K, committed 7552K, reserved 1048576K
}

